Using pre-set license
Built from '2020.3/staging' branch; Version is '2020.3.23f1 (c5d91304a876) revision 12966163'; Using compiler version '192528614'; Build Type 'Release'
OS: 'Windows 10 Home; OS build 19043.1348; Version 2009; 64bit' Language: 'ko' Physical Memory: 16273 MB
BatchMode: 1, IsHumanControllingUs: 0, StartBugReporterOnCrash: 0, Is64bit: 1, IsPro: 0

COMMAND LINE ARGUMENTS:
C:\Program Files\Unity\Hub\Editor\2020.3.23f1\Editor\Unity.exe
-adb2
-batchMode
-noUpm
-name
AssetImportWorker0
-projectPath
C:/Users/chamc/ModelHouse/ModelHouseSimulation
-logFile
Logs/AssetImportWorker0.log
-srvPort
8173
Successfully changed project path to: C:/Users/chamc/ModelHouse/ModelHouseSimulation
C:/Users/chamc/ModelHouse/ModelHouseSimulation
Using Asset Import Pipeline V2.
Refreshing native plugins compatible for Editor in 240.57 ms, found 5 plugins.
Preloading 0 native plugins for Editor in 0.00 ms.
Initialize engine version: 2020.3.23f1 (c5d91304a876)
[Subsystems] Discovering subsystems at path C:/Program Files/Unity/Hub/Editor/2020.3.23f1/Editor/Data/Resources/UnitySubsystems
[Subsystems] Discovering subsystems at path C:/Users/chamc/ModelHouse/ModelHouseSimulation/Assets
GfxDevice: creating device client; threaded=0
Direct3D:
    Version:  Direct3D 11.0 [level 11.0]
    Renderer: NVIDIA GeForce GTX 960M (ID=0x139b)
    Vendor:   
    VRAM:     4053 MB
    Driver:   27.21.14.6280
Initialize mono
Mono path[0] = 'C:/Program Files/Unity/Hub/Editor/2020.3.23f1/Editor/Data/Managed'
Mono path[1] = 'C:/Program Files/Unity/Hub/Editor/2020.3.23f1/Editor/Data/MonoBleedingEdge/lib/mono/unityjit'
Mono config path = 'C:/Program Files/Unity/Hub/Editor/2020.3.23f1/Editor/Data/MonoBleedingEdge/etc'
Using monoOptions --debugger-agent=transport=dt_socket,embedding=1,server=y,suspend=n,address=127.0.0.1:56700
Begin MonoManager ReloadAssembly
Registering precompiled unity dll's ...
Register platform support module: C:/Program Files/Unity/Hub/Editor/2020.3.23f1/Editor/Data/PlaybackEngines/WindowsStandaloneSupport/UnityEditor.WindowsStandalone.Extensions.dll
Registered in 0.005865 seconds.
Native extension for WindowsStandalone target not found
Refreshing native plugins compatible for Editor in 155.90 ms, found 5 plugins.
Preloading 0 native plugins for Editor in 0.00 ms.
Mono: successfully reloaded assembly
- Completed reload, in  0.944 seconds
Domain Reload Profiling:
	ReloadAssembly (945ms)
		BeginReloadAssembly (111ms)
			ExecutionOrderSort (0ms)
			DisableScriptedObjects (0ms)
			BackupInstance (0ms)
			ReleaseScriptingObjects (0ms)
			CreateAndSetChildDomain (1ms)
		EndReloadAssembly (726ms)
			LoadAssemblies (106ms)
			RebuildTransferFunctionScriptingTraits (0ms)
			SetupTypeCache (205ms)
			ReleaseScriptCaches (0ms)
			RebuildScriptCaches (38ms)
			SetupLoadedEditorAssemblies (324ms)
				LogAssemblyErrors (0ms)
				InitializePlatformSupportModulesInManaged (4ms)
				SetLoadedEditorAssemblies (0ms)
				RefreshPlugins (156ms)
				BeforeProcessingInitializeOnLoad (22ms)
				ProcessInitializeOnLoadAttributes (104ms)
				ProcessInitializeOnLoadMethodAttributes (36ms)
				AfterProcessingInitializeOnLoad (0ms)
				EditorAssembliesLoaded (0ms)
			ExecutionOrderSort2 (0ms)
			AwakeInstancesAfterBackupRestoration (0ms)
Platform modules already initialized, skipping
Registering precompiled user dll's ...
Registered in 0.022433 seconds.
Begin MonoManager ReloadAssembly
Native extension for WindowsStandalone target not found
Refreshing native plugins compatible for Editor in 195.16 ms, found 5 plugins.
Preloading 0 native plugins for Editor in 0.00 ms.
Mono: successfully reloaded assembly
- Completed reload, in  2.611 seconds
Domain Reload Profiling:
	ReloadAssembly (2613ms)
		BeginReloadAssembly (252ms)
			ExecutionOrderSort (0ms)
			DisableScriptedObjects (7ms)
			BackupInstance (0ms)
			ReleaseScriptingObjects (0ms)
			CreateAndSetChildDomain (23ms)
		EndReloadAssembly (2242ms)
			LoadAssemblies (273ms)
			RebuildTransferFunctionScriptingTraits (0ms)
			SetupTypeCache (705ms)
			ReleaseScriptCaches (1ms)
			RebuildScriptCaches (125ms)
			SetupLoadedEditorAssemblies (915ms)
				LogAssemblyErrors (0ms)
				InitializePlatformSupportModulesInManaged (4ms)
				SetLoadedEditorAssemblies (0ms)
				RefreshPlugins (195ms)
				BeforeProcessingInitializeOnLoad (213ms)
				ProcessInitializeOnLoadAttributes (401ms)
				ProcessInitializeOnLoadMethodAttributes (79ms)
				AfterProcessingInitializeOnLoad (21ms)
				EditorAssembliesLoaded (0ms)
			ExecutionOrderSort2 (0ms)
			AwakeInstancesAfterBackupRestoration (8ms)
Platform modules already initialized, skipping
========================================================================
Worker process is ready to serve import requests
Launched and connected shader compiler UnityShaderCompiler.exe after 0.07 seconds
D3D shader create error for vertex shader [0x80070057]
D3D shader create error for vertex shader [0x80070057]
D3D shader create error for vertex shader [0x80070057]
D3D shader create error for domain shader [0x80070057]
D3D shader create error for domain shader [0x80070057]
Refreshing native plugins compatible for Editor in 2.01 ms, found 5 plugins.
Preloading 0 native plugins for Editor in 0.00 ms.
Unloading 4494 Unused Serialized files (Serialized files now loaded: 0)
System memory in use before: 190.5 MB.
System memory in use after: 190.7 MB.

Unloading 62 unused Assets to reduce memory usage. Loaded Objects now: 4909.
Total: 12.194400 ms (FindLiveObjects: 1.666300 ms CreateObjectMapping: 0.335600 ms MarkObjects: 9.954500 ms  DeleteObjects: 0.236500 ms)

AssetImportParameters requested are different than current active one (requested -> active):
  custom:framework-win-MediaFoundation: 216162199b28c13a410421893ffa2e32 -> 
  custom:video-decoder-ogg-theora: a1e56fd34408186e4bbccfd4996cb3dc -> 
  custom:container-muxer-webm: aa71ff27fc2769a1b78a27578f13a17b -> 
  custom:container-demuxer-webm: 4f35f7cbe854078d1ac9338744f61a02 -> 
  custom:container-demuxer-ogg: 62fdf1f143b41e24485cea50d1cbac27 -> 
  custom:video-encoder-webm-vp8: eb34c28f22e8b96e1ab97ce403110664 -> 
  custom:video-codec-MediaFoundation-h265: 746d11721c4dcdbdad8f713fa42b33f4 -> 
  custom:video-decoder-webm-vp8: 9c59270c3fd7afecdb556c50c9e8de78 -> 
  custom:audio-decoder-ogg-vorbis: bf7c407c2cedff20999df2af8eb42d56 -> 
  custom:audio-encoder-webm-vorbis: bf7c407c2cedff20999df2af8eb42d56 -> 
========================================================================
Received Import Request.
  path: Assets/Water/IKT4l.jpg
  artifactKey: Guid(7be6ed8cdd4df1a4887708290839452b) Importer(815301076,1909f56bfc062723c751e8b465ee728b)
Start importing Assets/Water/IKT4l.jpg using Guid(7be6ed8cdd4df1a4887708290839452b) Importer(815301076,1909f56bfc062723c751e8b465ee728b)  -> (artifact id: '2c1c60ad3da354bfeb4470381aa956ce') in 0.120104 seconds 
  Import took 0.131468 seconds .

========================================================================
Received Import Request.
  Time since last request: 0.000477 seconds.
  path: Assets/Water/WaterBall.mat
  artifactKey: Guid(b3443053a56c41146bc012d7f8ffe2b5) Importer(815301076,1909f56bfc062723c751e8b465ee728b)
Start importing Assets/Water/WaterBall.mat using Guid(b3443053a56c41146bc012d7f8ffe2b5) Importer(815301076,1909f56bfc062723c751e8b465ee728b)  -> (artifact id: '7f528d581dd9c1f52a3b9b929b93a69f') in 0.109645 seconds 
  Import took 0.120003 seconds .

========================================================================
Received Import Request.
  Time since last request: 3149.610242 seconds.
  path: Assets/New HDRenderPipelineAsset 1.asset
  artifactKey: Guid(dee44540a96c8da408fe7d0237f359e8) Importer(815301076,1909f56bfc062723c751e8b465ee728b)
Start importing Assets/New HDRenderPipelineAsset 1.asset using Guid(dee44540a96c8da408fe7d0237f359e8) Importer(815301076,1909f56bfc062723c751e8b465ee728b)  -> (artifact id: '119098792798e971868171c27518b585') in 0.352977 seconds 
  Import took 0.369659 seconds .

========================================================================
Received Import Request.
  Time since last request: 3.932272 seconds.
  path: Assets/Script
  artifactKey: Guid(73a8290cf125e0e4c96a9f5631b1bf5e) Importer(815301076,1909f56bfc062723c751e8b465ee728b)
Start importing Assets/Script using Guid(73a8290cf125e0e4c96a9f5631b1bf5e) Importer(815301076,1909f56bfc062723c751e8b465ee728b)  -> (artifact id: 'c51cdd6a321969b30429b71322d6ee65') in 0.006341 seconds 
  Import took 0.023401 seconds .

========================================================================
Received Import Request.
  Time since last request: 2.878942 seconds.
  path: Assets/Script/PlayerMove.cs
  artifactKey: Guid(35f50b456f4a07c4f93ef10b686753e5) Importer(815301076,1909f56bfc062723c751e8b465ee728b)
Start importing Assets/Script/PlayerMove.cs using Guid(35f50b456f4a07c4f93ef10b686753e5) Importer(815301076,1909f56bfc062723c751e8b465ee728b)  -> (artifact id: 'c20eeea6a6a5816859ef890a4baa0544') in 0.039996 seconds 
  Import took 0.049998 seconds .

========================================================================
Received Prepare
Trying to reload asset but can't find object on disk
Trying to reload asset but can't find object on disk
Registering precompiled user dll's ...
Registered in 0.027637 seconds.
Begin MonoManager ReloadAssembly
Native extension for WindowsStandalone target not found
Refreshing native plugins compatible for Editor in 4.23 ms, found 2 plugins.
Preloading 0 native plugins for Editor in 0.00 ms.
Mono: successfully reloaded assembly
- Completed reload, in  4.048 seconds
Domain Reload Profiling:
	ReloadAssembly (4049ms)
		BeginReloadAssembly (400ms)
			ExecutionOrderSort (0ms)
			DisableScriptedObjects (15ms)
			BackupInstance (0ms)
			ReleaseScriptingObjects (0ms)
			CreateAndSetChildDomain (117ms)
		EndReloadAssembly (3412ms)
			LoadAssemblies (386ms)
			RebuildTransferFunctionScriptingTraits (0ms)
			SetupTypeCache (1058ms)
			ReleaseScriptCaches (4ms)
			RebuildScriptCaches (199ms)
			SetupLoadedEditorAssemblies (1448ms)
				LogAssemblyErrors (0ms)
				InitializePlatformSupportModulesInManaged (16ms)
				SetLoadedEditorAssemblies (1ms)
				RefreshPlugins (4ms)
				BeforeProcessingInitializeOnLoad (444ms)
				ProcessInitializeOnLoadAttributes (801ms)
				ProcessInitializeOnLoadMethodAttributes (135ms)
				AfterProcessingInitializeOnLoad (46ms)
				EditorAssembliesLoaded (0ms)
			ExecutionOrderSort2 (0ms)
			AwakeInstancesAfterBackupRestoration (20ms)
Platform modules already initialized, skipping
D3D shader create error for vertex shader [0x80070057]
D3D shader create error for vertex shader [0x80070057]
D3D shader create error for vertex shader [0x80070057]
D3D shader create error for domain shader [0x80070057]
D3D shader create error for domain shader [0x80070057]
Refreshing native plugins compatible for Editor in 2.42 ms, found 2 plugins.
Preloading 0 native plugins for Editor in 0.00 ms.
Unloading 4064 Unused Serialized files (Serialized files now loaded: 0)
System memory in use before: 175.3 MB.
System memory in use after: 175.6 MB.

Unloading 265 unused Assets to reduce memory usage. Loaded Objects now: 4737.
Total: 22.389700 ms (FindLiveObjects: 0.932600 ms CreateObjectMapping: 0.510900 ms MarkObjects: 20.619800 ms  DeleteObjects: 0.322900 ms)

AssetImportParameters requested are different than current active one (requested -> active):
  custom:framework-win-MediaFoundation: 216162199b28c13a410421893ffa2e32 -> 
  custom:video-decoder-ogg-theora: a1e56fd34408186e4bbccfd4996cb3dc -> 
  custom:container-muxer-webm: aa71ff27fc2769a1b78a27578f13a17b -> 
  custom:container-demuxer-webm: 4f35f7cbe854078d1ac9338744f61a02 -> 
  custom:container-demuxer-ogg: 62fdf1f143b41e24485cea50d1cbac27 -> 
  custom:video-encoder-webm-vp8: eb34c28f22e8b96e1ab97ce403110664 -> 
  custom:video-codec-MediaFoundation-h265: 746d11721c4dcdbdad8f713fa42b33f4 -> 
  custom:video-decoder-webm-vp8: 9c59270c3fd7afecdb556c50c9e8de78 -> 
  custom:audio-decoder-ogg-vorbis: bf7c407c2cedff20999df2af8eb42d56 -> 
  custom:audio-encoder-webm-vorbis: bf7c407c2cedff20999df2af8eb42d56 -> 
========================================================================
Received Prepare
Refreshing native plugins compatible for Editor in 65.32 ms, found 5 plugins.
Preloading 0 native plugins for Editor in 0.00 ms.
Unloading 420 Unused Serialized files (Serialized files now loaded: 0)
System memory in use before: 123.8 MB.
System memory in use after: 124.1 MB.

Unloading 51 unused Assets to reduce memory usage. Loaded Objects now: 5119.
Total: 13.217000 ms (FindLiveObjects: 0.905600 ms CreateObjectMapping: 0.333200 ms MarkObjects: 11.926400 ms  DeleteObjects: 0.049900 ms)

AssetImportParameters requested are different than current active one (requested -> active):
  custom:framework-win-MediaFoundation: 216162199b28c13a410421893ffa2e32 -> 
  custom:video-decoder-ogg-theora: a1e56fd34408186e4bbccfd4996cb3dc -> 
  custom:container-muxer-webm: aa71ff27fc2769a1b78a27578f13a17b -> 
  custom:container-demuxer-webm: 4f35f7cbe854078d1ac9338744f61a02 -> 
  custom:container-demuxer-ogg: 62fdf1f143b41e24485cea50d1cbac27 -> 
  custom:video-encoder-webm-vp8: eb34c28f22e8b96e1ab97ce403110664 -> 
  custom:video-codec-MediaFoundation-h265: 746d11721c4dcdbdad8f713fa42b33f4 -> 
  custom:video-decoder-webm-vp8: 9c59270c3fd7afecdb556c50c9e8de78 -> 
  custom:audio-decoder-ogg-vorbis: bf7c407c2cedff20999df2af8eb42d56 -> 
  custom:audio-encoder-webm-vorbis: bf7c407c2cedff20999df2af8eb42d56 -> 
========================================================================
Received Prepare
Refreshing native plugins compatible for Editor in 29.13 ms, found 5 plugins.
Preloading 0 native plugins for Editor in 0.00 ms.
Unloading 50 Unused Serialized files (Serialized files now loaded: 0)
System memory in use before: 114.9 MB.
System memory in use after: 115.1 MB.

Unloading 50 unused Assets to reduce memory usage. Loaded Objects now: 5119.
Total: 8.471200 ms (FindLiveObjects: 0.481800 ms CreateObjectMapping: 0.223000 ms MarkObjects: 7.677300 ms  DeleteObjects: 0.088100 ms)

AssetImportParameters requested are different than current active one (requested -> active):
  custom:framework-win-MediaFoundation: 216162199b28c13a410421893ffa2e32 -> 
  custom:video-decoder-ogg-theora: a1e56fd34408186e4bbccfd4996cb3dc -> 
  custom:container-muxer-webm: aa71ff27fc2769a1b78a27578f13a17b -> 
  custom:container-demuxer-webm: 4f35f7cbe854078d1ac9338744f61a02 -> 
  custom:container-demuxer-ogg: 62fdf1f143b41e24485cea50d1cbac27 -> 
  custom:video-encoder-webm-vp8: eb34c28f22e8b96e1ab97ce403110664 -> 
  custom:video-codec-MediaFoundation-h265: 746d11721c4dcdbdad8f713fa42b33f4 -> 
  custom:video-decoder-webm-vp8: 9c59270c3fd7afecdb556c50c9e8de78 -> 
  custom:audio-decoder-ogg-vorbis: bf7c407c2cedff20999df2af8eb42d56 -> 
  custom:audio-encoder-webm-vorbis: bf7c407c2cedff20999df2af8eb42d56 -> 
========================================================================
Received Import Request.
  Time since last request: 38891.019353 seconds.
  path: Assets/New HDRenderPipelineAsset.asset
  artifactKey: Guid(8cb1bae2f974b034da5399c019f67c76) Importer(815301076,1909f56bfc062723c751e8b465ee728b)
Start importing Assets/New HDRenderPipelineAsset.asset using Guid(8cb1bae2f974b034da5399c019f67c76) Importer(815301076,1909f56bfc062723c751e8b465ee728b)  -> (artifact id: '75a87c21871e37ab629f17143cb005dd') in 0.075230 seconds 
  Import took 0.085766 seconds .

========================================================================
Received Import Request.
  Time since last request: 55.898771 seconds.
  path: Assets/SteamVR/SteamVR.asmdef
  artifactKey: Guid(1fbf338ef6b952a448262a7ff7df5fe4) Importer(815301076,1909f56bfc062723c751e8b465ee728b)
Start importing Assets/SteamVR/SteamVR.asmdef using Guid(1fbf338ef6b952a448262a7ff7df5fe4) Importer(815301076,1909f56bfc062723c751e8b465ee728b)  -> (artifact id: 'b5fe19c4b6582d7c8c5237ffb5dc8ac1') in 0.015467 seconds 
  Import took 0.025010 seconds .

========================================================================
Received Import Request.
  Time since last request: 27.161619 seconds.
  path: Assets/Resources/WaterBall.shadergraph
  artifactKey: Guid(e6a09b84c37ea6b408904be729cd0d6e) Importer(815301076,1909f56bfc062723c751e8b465ee728b)
Start importing Assets/Resources/WaterBall.shadergraph using Guid(e6a09b84c37ea6b408904be729cd0d6e) Importer(815301076,1909f56bfc062723c751e8b465ee728b)  -> (artifact id: 'b78b978e7f15baac58bd23d83b6dc919') in 0.022193 seconds 
  Import took 0.033127 seconds .

========================================================================
Received Prepare
Registering precompiled user dll's ...
Registered in 0.023455 seconds.
Begin MonoManager ReloadAssembly
Native extension for WindowsStandalone target not found
Refreshing native plugins compatible for Editor in 1.26 ms, found 2 plugins.
Preloading 0 native plugins for Editor in 0.00 ms.
Mono: successfully reloaded assembly
- Completed reload, in  1.911 seconds
Domain Reload Profiling:
	ReloadAssembly (1912ms)
		BeginReloadAssembly (236ms)
			ExecutionOrderSort (0ms)
			DisableScriptedObjects (7ms)
			BackupInstance (0ms)
			ReleaseScriptingObjects (0ms)
			CreateAndSetChildDomain (72ms)
		EndReloadAssembly (1579ms)
			LoadAssemblies (221ms)
			RebuildTransferFunctionScriptingTraits (0ms)
			SetupTypeCache (482ms)
			ReleaseScriptCaches (2ms)
			RebuildScriptCaches (82ms)
			SetupLoadedEditorAssemblies (610ms)
				LogAssemblyErrors (0ms)
				InitializePlatformSupportModulesInManaged (5ms)
				SetLoadedEditorAssemblies (1ms)
				RefreshPlugins (1ms)
				BeforeProcessingInitializeOnLoad (215ms)
				ProcessInitializeOnLoadAttributes (316ms)
				ProcessInitializeOnLoadMethodAttributes (55ms)
				AfterProcessingInitializeOnLoad (18ms)
				EditorAssembliesLoaded (0ms)
			ExecutionOrderSort2 (0ms)
			AwakeInstancesAfterBackupRestoration (23ms)
Platform modules already initialized, skipping
Refreshing native plugins compatible for Editor in 1.40 ms, found 2 plugins.
Preloading 0 native plugins for Editor in 0.00 ms.
Unloading 4274 Unused Serialized files (Serialized files now loaded: 0)
System memory in use before: 198.4 MB.
System memory in use after: 198.7 MB.

Unloading 67 unused Assets to reduce memory usage. Loaded Objects now: 5105.
Total: 8.864500 ms (FindLiveObjects: 0.450600 ms CreateObjectMapping: 0.256600 ms MarkObjects: 8.057500 ms  DeleteObjects: 0.098600 ms)

AssetImportParameters requested are different than current active one (requested -> active):
  custom:framework-win-MediaFoundation: 216162199b28c13a410421893ffa2e32 -> 
  custom:video-decoder-ogg-theora: a1e56fd34408186e4bbccfd4996cb3dc -> 
  custom:container-muxer-webm: aa71ff27fc2769a1b78a27578f13a17b -> 
  custom:container-demuxer-webm: 4f35f7cbe854078d1ac9338744f61a02 -> 
  custom:container-demuxer-ogg: 62fdf1f143b41e24485cea50d1cbac27 -> 
  custom:video-encoder-webm-vp8: eb34c28f22e8b96e1ab97ce403110664 -> 
  custom:video-codec-MediaFoundation-h265: 746d11721c4dcdbdad8f713fa42b33f4 -> 
  custom:video-decoder-webm-vp8: 9c59270c3fd7afecdb556c50c9e8de78 -> 
  custom:audio-decoder-ogg-vorbis: bf7c407c2cedff20999df2af8eb42d56 -> 
  custom:audio-encoder-webm-vorbis: bf7c407c2cedff20999df2af8eb42d56 -> 
========================================================================
Received Prepare
Registering precompiled user dll's ...
Registered in 0.016876 seconds.
Begin MonoManager ReloadAssembly
Native extension for WindowsStandalone target not found
Refreshing native plugins compatible for Editor in 1.41 ms, found 2 plugins.
Preloading 0 native plugins for Editor in 0.00 ms.
Mono: successfully reloaded assembly
- Completed reload, in  1.796 seconds
Domain Reload Profiling:
	ReloadAssembly (1797ms)
		BeginReloadAssembly (202ms)
			ExecutionOrderSort (0ms)
			DisableScriptedObjects (7ms)
			BackupInstance (0ms)
			ReleaseScriptingObjects (0ms)
			CreateAndSetChildDomain (46ms)
		EndReloadAssembly (1502ms)
			LoadAssemblies (204ms)
			RebuildTransferFunctionScriptingTraits (0ms)
			SetupTypeCache (444ms)
			ReleaseScriptCaches (2ms)
			RebuildScriptCaches (80ms)
			SetupLoadedEditorAssemblies (588ms)
				LogAssemblyErrors (0ms)
				InitializePlatformSupportModulesInManaged (5ms)
				SetLoadedEditorAssemblies (1ms)
				RefreshPlugins (2ms)
				BeforeProcessingInitializeOnLoad (204ms)
				ProcessInitializeOnLoadAttributes (304ms)
				ProcessInitializeOnLoadMethodAttributes (54ms)
				AfterProcessingInitializeOnLoad (19ms)
				EditorAssembliesLoaded (0ms)
			ExecutionOrderSort2 (0ms)
			AwakeInstancesAfterBackupRestoration (19ms)
Platform modules already initialized, skipping
Refreshing native plugins compatible for Editor in 1.25 ms, found 2 plugins.
Preloading 0 native plugins for Editor in 0.00 ms.
Unloading 4063 Unused Serialized files (Serialized files now loaded: 0)
System memory in use before: 193.6 MB.
System memory in use after: 193.8 MB.

Unloading 230 unused Assets to reduce memory usage. Loaded Objects now: 4927.
Total: 11.282400 ms (FindLiveObjects: 0.853600 ms CreateObjectMapping: 0.592000 ms MarkObjects: 9.674800 ms  DeleteObjects: 0.160800 ms)

AssetImportParameters requested are different than current active one (requested -> active):
  custom:framework-win-MediaFoundation: 216162199b28c13a410421893ffa2e32 -> 
  custom:video-decoder-ogg-theora: a1e56fd34408186e4bbccfd4996cb3dc -> 
  custom:container-muxer-webm: aa71ff27fc2769a1b78a27578f13a17b -> 
  custom:container-demuxer-webm: 4f35f7cbe854078d1ac9338744f61a02 -> 
  custom:container-demuxer-ogg: 62fdf1f143b41e24485cea50d1cbac27 -> 
  custom:video-encoder-webm-vp8: eb34c28f22e8b96e1ab97ce403110664 -> 
  custom:video-codec-MediaFoundation-h265: 746d11721c4dcdbdad8f713fa42b33f4 -> 
  custom:video-decoder-webm-vp8: 9c59270c3fd7afecdb556c50c9e8de78 -> 
  custom:audio-decoder-ogg-vorbis: bf7c407c2cedff20999df2af8eb42d56 -> 
  custom:audio-encoder-webm-vorbis: bf7c407c2cedff20999df2af8eb42d56 -> 
========================================================================
Received Import Request.
  Time since last request: 279.505113 seconds.
  path: Assets/XR/XRGeneralSettings.asset
  artifactKey: Guid(3e744f31fdfb48f4d9ef6e96e1cb7261) Importer(815301076,1909f56bfc062723c751e8b465ee728b)
Start importing Assets/XR/XRGeneralSettings.asset using Guid(3e744f31fdfb48f4d9ef6e96e1cb7261) Importer(815301076,1909f56bfc062723c751e8b465ee728b)  -> (artifact id: '3b003a6a578e46830fa7cabd0e07cdf3') in 0.035899 seconds 
  Import took 0.046026 seconds .

========================================================================
Received Import Request.
  Time since last request: 14.682759 seconds.
  path: Assets/XR/Settings
  artifactKey: Guid(a54a1362c350ee043a64099ec5dfffcd) Importer(815301076,1909f56bfc062723c751e8b465ee728b)
Start importing Assets/XR/Settings using Guid(a54a1362c350ee043a64099ec5dfffcd) Importer(815301076,1909f56bfc062723c751e8b465ee728b)  -> (artifact id: '07fcea0b812f15b377ed95499cc119ad') in 0.009591 seconds 
  Import took 0.021544 seconds .

========================================================================
Received Import Request.
  Time since last request: 0.055455 seconds.
  path: Assets/XR/Settings/Open VR Settings.asset
  artifactKey: Guid(19b0efcd68d78b84293dee429eb6d5a9) Importer(815301076,1909f56bfc062723c751e8b465ee728b)
Start importing Assets/XR/Settings/Open VR Settings.asset using Guid(19b0efcd68d78b84293dee429eb6d5a9) Importer(815301076,1909f56bfc062723c751e8b465ee728b)  -> (artifact id: 'ccc1947e76835949c0799b6c9f93767d') in 0.022103 seconds 
  Import took 0.036957 seconds .

========================================================================
Received Import Request.
  Time since last request: 2.258069 seconds.
  path: Assets/XR/Loaders
  artifactKey: Guid(b36700e5b0ece8e4da83bf780b06a81d) Importer(815301076,1909f56bfc062723c751e8b465ee728b)
Start importing Assets/XR/Loaders using Guid(b36700e5b0ece8e4da83bf780b06a81d) Importer(815301076,1909f56bfc062723c751e8b465ee728b)  -> (artifact id: 'ce74bbc9f9058a677c1c6ae4945d3bd4') in 0.008153 seconds 
  Import took 0.017590 seconds .

========================================================================
Received Import Request.
  Time since last request: 0.098831 seconds.
  path: Assets/XR/Loaders/Open VR Loader.asset
  artifactKey: Guid(0b9e3ec352398b843a44355756177503) Importer(815301076,1909f56bfc062723c751e8b465ee728b)
Start importing Assets/XR/Loaders/Open VR Loader.asset using Guid(0b9e3ec352398b843a44355756177503) Importer(815301076,1909f56bfc062723c751e8b465ee728b)  -> (artifact id: '2de409125bfb221bfc18da41e2a4118f') in 0.015457 seconds 
  Import took 0.032127 seconds .

========================================================================
Received Import Request.
  Time since last request: 8.302526 seconds.
  path: Assets/HDRPDefaultResources/DefaultLookDevProfile.asset
  artifactKey: Guid(c27b91c6f5b03a54bab29e07f2c90fd2) Importer(815301076,1909f56bfc062723c751e8b465ee728b)
Start importing Assets/HDRPDefaultResources/DefaultLookDevProfile.asset using Guid(c27b91c6f5b03a54bab29e07f2c90fd2) Importer(815301076,1909f56bfc062723c751e8b465ee728b)  -> (artifact id: '96197416b6501704f2bc57abf95d08e8') in 0.026510 seconds 
  Import took 0.039104 seconds .

========================================================================
Received Import Request.
  Time since last request: 0.000387 seconds.
  path: Assets/HDRPDefaultResources/Skin Diffusion Profile.asset
  artifactKey: Guid(52b4dd25ef748b6468bc399e57cd5583) Importer(815301076,1909f56bfc062723c751e8b465ee728b)
Start importing Assets/HDRPDefaultResources/Skin Diffusion Profile.asset using Guid(52b4dd25ef748b6468bc399e57cd5583) Importer(815301076,1909f56bfc062723c751e8b465ee728b)  -> (artifact id: '1cd7176d199069dac73a6288c1b2eae3') in 0.014863 seconds 
  Import took 0.026503 seconds .

========================================================================
Received Import Request.
  Time since last request: 0.000471 seconds.
  path: Assets/HDRPDefaultResources/HDRenderPipelineAsset.asset
  artifactKey: Guid(6bf9bb65a83d5ed40b28e1324da3457f) Importer(815301076,1909f56bfc062723c751e8b465ee728b)
Start importing Assets/HDRPDefaultResources/HDRenderPipelineAsset.asset using Guid(6bf9bb65a83d5ed40b28e1324da3457f) Importer(815301076,1909f56bfc062723c751e8b465ee728b)  -> (artifact id: 'bd2345fb8c5994bf850171ffeeffe68c') in 0.012656 seconds 
  Import took 0.021612 seconds .

========================================================================
Received Import Request.
  Time since last request: 0.000350 seconds.
  path: Assets/HDRPDefaultResources/DefaultSettingsVolumeProfile.asset
  artifactKey: Guid(1562a8c9cea89c948949ea496e90ba61) Importer(815301076,1909f56bfc062723c751e8b465ee728b)
Start importing Assets/HDRPDefaultResources/DefaultSettingsVolumeProfile.asset using Guid(1562a8c9cea89c948949ea496e90ba61) Importer(815301076,1909f56bfc062723c751e8b465ee728b)  -> (artifact id: '9f6e7b03d906f870d8a0b51dd404b5bb') in 0.010409 seconds 
  Import took 0.018387 seconds .

========================================================================
Received Import Request.
  Time since last request: 0.000538 seconds.
  path: Assets/HDRPDefaultResources/Foliage Diffusion Profile.asset
  artifactKey: Guid(8f7fb07197f36064a92b28639727abfa) Importer(815301076,1909f56bfc062723c751e8b465ee728b)
Start importing Assets/HDRPDefaultResources/Foliage Diffusion Profile.asset using Guid(8f7fb07197f36064a92b28639727abfa) Importer(815301076,1909f56bfc062723c751e8b465ee728b)  -> (artifact id: 'ae84db007811ada08c37cfbf4cef57b5') in 0.011298 seconds 
  Import took 0.023091 seconds .

========================================================================
Received Import Request.
  Time since last request: 0.353451 seconds.
  path: Assets/ModelHouseScene/LightingData.asset
  artifactKey: Guid(f36afe65795f4154aa7f6a7127c19189) Importer(815301076,1909f56bfc062723c751e8b465ee728b)
Start importing Assets/ModelHouseScene/LightingData.asset using Guid(f36afe65795f4154aa7f6a7127c19189) Importer(815301076,1909f56bfc062723c751e8b465ee728b)  -> (artifact id: 'eaf46daf06e01116ef008782bb27c24a') in 0.019773 seconds 
  Import took 0.028782 seconds .

========================================================================
Received Import Request.
  Time since last request: 0.000498 seconds.
  path: Assets/ModelHouseScene/Lightmap-1_comp_light.exr
  artifactKey: Guid(253a87e98454e154da3d4747799df756) Importer(815301076,1909f56bfc062723c751e8b465ee728b)
Start importing Assets/ModelHouseScene/Lightmap-1_comp_light.exr using Guid(253a87e98454e154da3d4747799df756) Importer(815301076,1909f56bfc062723c751e8b465ee728b)  -> (artifact id: '6a3e7e45585f8dcea0c6504aad1b7f5d') in 0.107484 seconds 
  Import took 0.119492 seconds .

========================================================================
Received Import Request.
  Time since last request: 0.000411 seconds.
  path: Assets/ModelHouseScene/Lightmap-1_comp_dir.png
  artifactKey: Guid(d0220ac1e3a712d4a9f98a0b8de76241) Importer(815301076,1909f56bfc062723c751e8b465ee728b)
Start importing Assets/ModelHouseScene/Lightmap-1_comp_dir.png using Guid(d0220ac1e3a712d4a9f98a0b8de76241) Importer(815301076,1909f56bfc062723c751e8b465ee728b)  -> (artifact id: 'e419636fefc549f58ab076d24de7996f') in 0.045401 seconds 
  Import took 0.054746 seconds .

========================================================================
Received Import Request.
  Time since last request: 0.000398 seconds.
  path: Assets/ModelHouseScene/Lightmap-0_comp_dir.png
  artifactKey: Guid(7c91ba506fd9c3149b4e93e083a9dfed) Importer(815301076,1909f56bfc062723c751e8b465ee728b)
Start importing Assets/ModelHouseScene/Lightmap-0_comp_dir.png using Guid(7c91ba506fd9c3149b4e93e083a9dfed) Importer(815301076,1909f56bfc062723c751e8b465ee728b)  -> (artifact id: 'b36f0f229c5e5b9d9a1316b815520fb9') in 0.031358 seconds 
  Import took 0.040483 seconds .

========================================================================
Received Import Request.
  Time since last request: 0.000495 seconds.
  path: Assets/ModelHouseScene/Sky and Fog Settings Profile.asset
  artifactKey: Guid(52575228278fd424e92596605dc132d4) Importer(815301076,1909f56bfc062723c751e8b465ee728b)
Start importing Assets/ModelHouseScene/Sky and Fog Settings Profile.asset using Guid(52575228278fd424e92596605dc132d4) Importer(815301076,1909f56bfc062723c751e8b465ee728b)  -> (artifact id: '84eb4c81137db67dbb273cb9f5a533d5') in 0.037200 seconds 
  Import took 0.050668 seconds .

========================================================================
Received Import Request.
  Time since last request: 0.000442 seconds.
  path: Assets/ModelHouseScene/Lightmap-2_comp_light.exr
  artifactKey: Guid(f247cbc778e58044e8166fc03417f6de) Importer(815301076,1909f56bfc062723c751e8b465ee728b)
Start importing Assets/ModelHouseScene/Lightmap-2_comp_light.exr using Guid(f247cbc778e58044e8166fc03417f6de) Importer(815301076,1909f56bfc062723c751e8b465ee728b)  -> (artifact id: '7911fe8dbcc7d0eeccbe79696c5a3383') in 0.027036 seconds 
  Import took 0.040966 seconds .

========================================================================
Received Import Request.
  Time since last request: 0.000398 seconds.
  path: Assets/ModelHouseScene/Lightmap-2_comp_dir.png
  artifactKey: Guid(b1535acd7da37b84aac3e163552f5615) Importer(815301076,1909f56bfc062723c751e8b465ee728b)
Start importing Assets/ModelHouseScene/Lightmap-2_comp_dir.png using Guid(b1535acd7da37b84aac3e163552f5615) Importer(815301076,1909f56bfc062723c751e8b465ee728b)  -> (artifact id: '6bd5f9fb9ebd45ddcd9304096376f740') in 0.031863 seconds 
  Import took 0.046859 seconds .

========================================================================
Received Import Request.
  Time since last request: 0.000436 seconds.
  path: Assets/ModelHouseScene/Lightmap-0_comp_light.exr
  artifactKey: Guid(59b1c9b161ca14e4db292104248635a2) Importer(815301076,1909f56bfc062723c751e8b465ee728b)
Start importing Assets/ModelHouseScene/Lightmap-0_comp_light.exr using Guid(59b1c9b161ca14e4db292104248635a2) Importer(815301076,1909f56bfc062723c751e8b465ee728b)  -> (artifact id: '8f7885fae25485b06a4f8c1a262a4841') in 0.032525 seconds 
  Import took 0.045879 seconds .

========================================================================
Received Import Request.
  Time since last request: 0.799285 seconds.
  path: Assets/DevDen Arch Viz Scotland HDRP/White_Mat.mat
  artifactKey: Guid(9463af966b0be874b9cae12bf4b4b0c3) Importer(815301076,1909f56bfc062723c751e8b465ee728b)
Start importing Assets/DevDen Arch Viz Scotland HDRP/White_Mat.mat using Guid(9463af966b0be874b9cae12bf4b4b0c3) Importer(815301076,1909f56bfc062723c751e8b465ee728b)  -> (artifact id: 'e7eab3d53d532a4e7633e1300999eb3e') in 0.875483 seconds 
  Import took 0.887256 seconds .

========================================================================
Received Prepare
Registering precompiled user dll's ...
Registered in 0.017834 seconds.
Begin MonoManager ReloadAssembly
Native extension for WindowsStandalone target not found
Refreshing native plugins compatible for Editor in 1.30 ms, found 2 plugins.
Preloading 0 native plugins for Editor in 0.00 ms.
Mono: successfully reloaded assembly
- Completed reload, in  2.184 seconds
Domain Reload Profiling:
	ReloadAssembly (2185ms)
		BeginReloadAssembly (288ms)
			ExecutionOrderSort (0ms)
			DisableScriptedObjects (36ms)
			BackupInstance (0ms)
			ReleaseScriptingObjects (0ms)
			CreateAndSetChildDomain (73ms)
		EndReloadAssembly (1796ms)
			LoadAssemblies (222ms)
			RebuildTransferFunctionScriptingTraits (0ms)
			SetupTypeCache (503ms)
			ReleaseScriptCaches (3ms)
			RebuildScriptCaches (87ms)
			SetupLoadedEditorAssemblies (634ms)
				LogAssemblyErrors (0ms)
				InitializePlatformSupportModulesInManaged (7ms)
				SetLoadedEditorAssemblies (1ms)
				RefreshPlugins (1ms)
				BeforeProcessingInitializeOnLoad (216ms)
				ProcessInitializeOnLoadAttributes (324ms)
				ProcessInitializeOnLoadMethodAttributes (63ms)
				AfterProcessingInitializeOnLoad (20ms)
				EditorAssembliesLoaded (0ms)
			ExecutionOrderSort2 (0ms)
			AwakeInstancesAfterBackupRestoration (13ms)
Platform modules already initialized, skipping
Refreshing native plugins compatible for Editor in 1.20 ms, found 2 plugins.
Preloading 0 native plugins for Editor in 0.00 ms.
Unloading 4080 Unused Serialized files (Serialized files now loaded: 0)
System memory in use before: 205.6 MB.
System memory in use after: 205.9 MB.

Unloading 66 unused Assets to reduce memory usage. Loaded Objects now: 5062.
Total: 12.818000 ms (FindLiveObjects: 0.501500 ms CreateObjectMapping: 0.283300 ms MarkObjects: 11.431300 ms  DeleteObjects: 0.600100 ms)

AssetImportParameters requested are different than current active one (requested -> active):
  custom:framework-win-MediaFoundation: 216162199b28c13a410421893ffa2e32 -> 
  custom:video-decoder-ogg-theora: a1e56fd34408186e4bbccfd4996cb3dc -> 
  custom:container-muxer-webm: aa71ff27fc2769a1b78a27578f13a17b -> 
  custom:container-demuxer-webm: 4f35f7cbe854078d1ac9338744f61a02 -> 
  custom:container-demuxer-ogg: 62fdf1f143b41e24485cea50d1cbac27 -> 
  custom:video-encoder-webm-vp8: eb34c28f22e8b96e1ab97ce403110664 -> 
  custom:video-codec-MediaFoundation-h265: 746d11721c4dcdbdad8f713fa42b33f4 -> 
  custom:video-decoder-webm-vp8: 9c59270c3fd7afecdb556c50c9e8de78 -> 
  custom:audio-decoder-ogg-vorbis: bf7c407c2cedff20999df2af8eb42d56 -> 
  custom:audio-encoder-webm-vorbis: bf7c407c2cedff20999df2af8eb42d56 -> 
========================================================================
Received Import Request.
  Time since last request: 141.056918 seconds.
  path: Assets/New Folder
  artifactKey: Guid(3b599844b0934b6448f8e96c36917c64) Importer(815301076,1909f56bfc062723c751e8b465ee728b)
Start importing Assets/New Folder using Guid(3b599844b0934b6448f8e96c36917c64) Importer(815301076,1909f56bfc062723c751e8b465ee728b)  -> (artifact id: 'f9e5270e84d724bb6ebe10d7780c825c') in 0.013698 seconds 
  Import took 0.022845 seconds .

AssetImportWorkerClient::OnTransportError - code=2 error=End of file
